<?xml version="1.0" encoding="UTF-8"?>
<testsuite xmlns:xsi="http://www.w3.org/2001/XMLSchema-instance" xsi:noNamespaceSchemaLocation="https://maven.apache.org/surefire/maven-surefire-plugin/xsd/surefire-test-report.xsd" name="com.basf.codingtest.chemicals.utils.DateUtilsTest" time="0.001" tests="1" errors="0" skipped="0" failures="0">
  <properties>
    <property name="java.specification.version" value="17"/>
    <property name="sun.jnu.encoding" value="UTF-8"/>
    <property name="java.class.path" value="/Users/ivanlaraarranz/Desktop/basfCodingChallenge/target/test-classes:/Users/ivanlaraarranz/Desktop/basfCodingChallenge/target/classes:/Users/ivanlaraarranz/.m2/repository/org/springframework/boot/spring-boot-starter-data-mongodb/2.7.7/spring-boot-starter-data-mongodb-2.7.7.jar:/Users/ivanlaraarranz/.m2/repository/org/springframework/boot/spring-boot-starter/2.7.7/spring-boot-starter-2.7.7.jar:/Users/ivanlaraarranz/.m2/repository/org/springframework/boot/spring-boot-starter-logging/2.7.7/spring-boot-starter-logging-2.7.7.jar:/Users/ivanlaraarranz/.m2/repository/ch/qos/logback/logback-classic/1.2.11/logback-classic-1.2.11.jar:/Users/ivanlaraarranz/.m2/repository/ch/qos/logback/logback-core/1.2.11/logback-core-1.2.11.jar:/Users/ivanlaraarranz/.m2/repository/org/apache/logging/log4j/log4j-to-slf4j/2.17.2/log4j-to-slf4j-2.17.2.jar:/Users/ivanlaraarranz/.m2/repository/org/apache/logging/log4j/log4j-api/2.17.2/log4j-api-2.17.2.jar:/Users/ivanlaraarranz/.m2/repository/org/slf4j/jul-to-slf4j/1.7.36/jul-to-slf4j-1.7.36.jar:/Users/ivanlaraarranz/.m2/repository/jakarta/annotation/jakarta.annotation-api/1.3.5/jakarta.annotation-api-1.3.5.jar:/Users/ivanlaraarranz/.m2/repository/org/yaml/snakeyaml/1.30/snakeyaml-1.30.jar:/Users/ivanlaraarranz/.m2/repository/org/mongodb/mongodb-driver-sync/4.6.1/mongodb-driver-sync-4.6.1.jar:/Users/ivanlaraarranz/.m2/repository/org/mongodb/bson/4.6.1/bson-4.6.1.jar:/Users/ivanlaraarranz/.m2/repository/org/mongodb/mongodb-driver-core/4.6.1/mongodb-driver-core-4.6.1.jar:/Users/ivanlaraarranz/.m2/repository/org/mongodb/bson-record-codec/4.6.1/bson-record-codec-4.6.1.jar:/Users/ivanlaraarranz/.m2/repository/org/springframework/data/spring-data-mongodb/3.4.6/spring-data-mongodb-3.4.6.jar:/Users/ivanlaraarranz/.m2/repository/org/springframework/spring-tx/5.3.24/spring-tx-5.3.24.jar:/Users/ivanlaraarranz/.m2/repository/org/springframework/spring-context/5.3.24/spring-context-5.3.24.jar:/Users/ivanlaraarranz/.m2/repository/org/springframework/spring-beans/5.3.24/spring-beans-5.3.24.jar:/Users/ivanlaraarranz/.m2/repository/org/springframework/spring-expression/5.3.24/spring-expression-5.3.24.jar:/Users/ivanlaraarranz/.m2/repository/org/springframework/data/spring-data-commons/2.7.6/spring-data-commons-2.7.6.jar:/Users/ivanlaraarranz/.m2/repository/org/springframework/boot/spring-boot-starter-web/2.7.7/spring-boot-starter-web-2.7.7.jar:/Users/ivanlaraarranz/.m2/repository/org/springframework/boot/spring-boot-starter-json/2.7.7/spring-boot-starter-json-2.7.7.jar:/Users/ivanlaraarranz/.m2/repository/com/fasterxml/jackson/core/jackson-databind/2.13.4.2/jackson-databind-2.13.4.2.jar:/Users/ivanlaraarranz/.m2/repository/com/fasterxml/jackson/datatype/jackson-datatype-jdk8/2.13.4/jackson-datatype-jdk8-2.13.4.jar:/Users/ivanlaraarranz/.m2/repository/com/fasterxml/jackson/datatype/jackson-datatype-jsr310/2.13.4/jackson-datatype-jsr310-2.13.4.jar:/Users/ivanlaraarranz/.m2/repository/com/fasterxml/jackson/module/jackson-module-parameter-names/2.13.4/jackson-module-parameter-names-2.13.4.jar:/Users/ivanlaraarranz/.m2/repository/org/springframework/boot/spring-boot-starter-tomcat/2.7.7/spring-boot-starter-tomcat-2.7.7.jar:/Users/ivanlaraarranz/.m2/repository/org/apache/tomcat/embed/tomcat-embed-core/9.0.70/tomcat-embed-core-9.0.70.jar:/Users/ivanlaraarranz/.m2/repository/org/apache/tomcat/embed/tomcat-embed-el/9.0.70/tomcat-embed-el-9.0.70.jar:/Users/ivanlaraarranz/.m2/repository/org/apache/tomcat/embed/tomcat-embed-websocket/9.0.70/tomcat-embed-websocket-9.0.70.jar:/Users/ivanlaraarranz/.m2/repository/org/springframework/spring-web/5.3.24/spring-web-5.3.24.jar:/Users/ivanlaraarranz/.m2/repository/org/springframework/spring-webmvc/5.3.24/spring-webmvc-5.3.24.jar:/Users/ivanlaraarranz/.m2/repository/org/springframework/spring-aop/5.3.24/spring-aop-5.3.24.jar:/Users/ivanlaraarranz/.m2/repository/org/springframework/boot/spring-boot-starter-test/2.7.7/spring-boot-starter-test-2.7.7.jar:/Users/ivanlaraarranz/.m2/repository/org/springframework/boot/spring-boot-test/2.7.7/spring-boot-test-2.7.7.jar:/Users/ivanlaraarranz/.m2/repository/org/springframework/boot/spring-boot-test-autoconfigure/2.7.7/spring-boot-test-autoconfigure-2.7.7.jar:/Users/ivanlaraarranz/.m2/repository/com/jayway/jsonpath/json-path/2.7.0/json-path-2.7.0.jar:/Users/ivanlaraarranz/.m2/repository/net/minidev/json-smart/2.4.8/json-smart-2.4.8.jar:/Users/ivanlaraarranz/.m2/repository/net/minidev/accessors-smart/2.4.8/accessors-smart-2.4.8.jar:/Users/ivanlaraarranz/.m2/repository/org/ow2/asm/asm/9.1/asm-9.1.jar:/Users/ivanlaraarranz/.m2/repository/jakarta/xml/bind/jakarta.xml.bind-api/2.3.3/jakarta.xml.bind-api-2.3.3.jar:/Users/ivanlaraarranz/.m2/repository/jakarta/activation/jakarta.activation-api/1.2.2/jakarta.activation-api-1.2.2.jar:/Users/ivanlaraarranz/.m2/repository/org/assertj/assertj-core/3.22.0/assertj-core-3.22.0.jar:/Users/ivanlaraarranz/.m2/repository/org/hamcrest/hamcrest/2.2/hamcrest-2.2.jar:/Users/ivanlaraarranz/.m2/repository/org/junit/jupiter/junit-jupiter/5.8.2/junit-jupiter-5.8.2.jar:/Users/ivanlaraarranz/.m2/repository/org/junit/jupiter/junit-jupiter-params/5.8.2/junit-jupiter-params-5.8.2.jar:/Users/ivanlaraarranz/.m2/repository/org/junit/jupiter/junit-jupiter-engine/5.8.2/junit-jupiter-engine-5.8.2.jar:/Users/ivanlaraarranz/.m2/repository/org/junit/platform/junit-platform-engine/1.8.2/junit-platform-engine-1.8.2.jar:/Users/ivanlaraarranz/.m2/repository/org/mockito/mockito-core/4.5.1/mockito-core-4.5.1.jar:/Users/ivanlaraarranz/.m2/repository/net/bytebuddy/byte-buddy/1.12.20/byte-buddy-1.12.20.jar:/Users/ivanlaraarranz/.m2/repository/net/bytebuddy/byte-buddy-agent/1.12.20/byte-buddy-agent-1.12.20.jar:/Users/ivanlaraarranz/.m2/repository/org/objenesis/objenesis/3.2/objenesis-3.2.jar:/Users/ivanlaraarranz/.m2/repository/org/mockito/mockito-junit-jupiter/4.5.1/mockito-junit-jupiter-4.5.1.jar:/Users/ivanlaraarranz/.m2/repository/org/skyscreamer/jsonassert/1.5.1/jsonassert-1.5.1.jar:/Users/ivanlaraarranz/.m2/repository/com/vaadin/external/google/android-json/0.0.20131108.vaadin1/android-json-0.0.20131108.vaadin1.jar:/Users/ivanlaraarranz/.m2/repository/org/springframework/spring-core/5.3.24/spring-core-5.3.24.jar:/Users/ivanlaraarranz/.m2/repository/org/springframework/spring-jcl/5.3.24/spring-jcl-5.3.24.jar:/Users/ivanlaraarranz/.m2/repository/org/springframework/spring-test/5.3.24/spring-test-5.3.24.jar:/Users/ivanlaraarranz/.m2/repository/org/xmlunit/xmlunit-core/2.9.0/xmlunit-core-2.9.0.jar:/Users/ivanlaraarranz/.m2/repository/org/springdoc/springdoc-openapi-ui/1.6.14/springdoc-openapi-ui-1.6.14.jar:/Users/ivanlaraarranz/.m2/repository/org/springdoc/springdoc-openapi-webmvc-core/1.6.14/springdoc-openapi-webmvc-core-1.6.14.jar:/Users/ivanlaraarranz/.m2/repository/org/springdoc/springdoc-openapi-common/1.6.14/springdoc-openapi-common-1.6.14.jar:/Users/ivanlaraarranz/.m2/repository/io/swagger/core/v3/swagger-core/2.2.7/swagger-core-2.2.7.jar:/Users/ivanlaraarranz/.m2/repository/org/apache/commons/commons-lang3/3.12.0/commons-lang3-3.12.0.jar:/Users/ivanlaraarranz/.m2/repository/com/fasterxml/jackson/dataformat/jackson-dataformat-yaml/2.13.4/jackson-dataformat-yaml-2.13.4.jar:/Users/ivanlaraarranz/.m2/repository/jakarta/validation/jakarta.validation-api/2.0.2/jakarta.validation-api-2.0.2.jar:/Users/ivanlaraarranz/.m2/repository/org/webjars/swagger-ui/4.15.5/swagger-ui-4.15.5.jar:/Users/ivanlaraarranz/.m2/repository/org/webjars/webjars-locator-core/0.50/webjars-locator-core-0.50.jar:/Users/ivanlaraarranz/.m2/repository/com/fasterxml/jackson/core/jackson-core/2.13.4/jackson-core-2.13.4.jar:/Users/ivanlaraarranz/.m2/repository/io/github/classgraph/classgraph/4.8.149/classgraph-4.8.149.jar:/Users/ivanlaraarranz/.m2/repository/org/springframework/boot/spring-boot-devtools/2.7.7/spring-boot-devtools-2.7.7.jar:/Users/ivanlaraarranz/.m2/repository/org/springframework/boot/spring-boot/2.7.7/spring-boot-2.7.7.jar:/Users/ivanlaraarranz/.m2/repository/org/springframework/boot/spring-boot-autoconfigure/2.7.7/spring-boot-autoconfigure-2.7.7.jar:/Users/ivanlaraarranz/.m2/repository/org/projectlombok/lombok/1.18.24/lombok-1.18.24.jar:/Users/ivanlaraarranz/.m2/repository/io/springfox/springfox-swagger2/3.0.0/springfox-swagger2-3.0.0.jar:/Users/ivanlaraarranz/.m2/repository/io/springfox/springfox-spi/3.0.0/springfox-spi-3.0.0.jar:/Users/ivanlaraarranz/.m2/repository/io/springfox/springfox-core/3.0.0/springfox-core-3.0.0.jar:/Users/ivanlaraarranz/.m2/repository/io/springfox/springfox-schema/3.0.0/springfox-schema-3.0.0.jar:/Users/ivanlaraarranz/.m2/repository/io/springfox/springfox-swagger-common/3.0.0/springfox-swagger-common-3.0.0.jar:/Users/ivanlaraarranz/.m2/repository/io/springfox/springfox-spring-web/3.0.0/springfox-spring-web-3.0.0.jar:/Users/ivanlaraarranz/.m2/repository/io/springfox/springfox-spring-webmvc/3.0.0/springfox-spring-webmvc-3.0.0.jar:/Users/ivanlaraarranz/.m2/repository/io/springfox/springfox-spring-webflux/3.0.0/springfox-spring-webflux-3.0.0.jar:/Users/ivanlaraarranz/.m2/repository/com/fasterxml/classmate/1.5.1/classmate-1.5.1.jar:/Users/ivanlaraarranz/.m2/repository/org/slf4j/slf4j-api/1.7.36/slf4j-api-1.7.36.jar:/Users/ivanlaraarranz/.m2/repository/org/springframework/plugin/spring-plugin-core/2.0.0.RELEASE/spring-plugin-core-2.0.0.RELEASE.jar:/Users/ivanlaraarranz/.m2/repository/org/springframework/plugin/spring-plugin-metadata/2.0.0.RELEASE/spring-plugin-metadata-2.0.0.RELEASE.jar:/Users/ivanlaraarranz/.m2/repository/org/mapstruct/mapstruct/1.3.1.Final/mapstruct-1.3.1.Final.jar:/Users/ivanlaraarranz/.m2/repository/io/springfox/springfox-swagger-ui/3.0.0/springfox-swagger-ui-3.0.0.jar:/Users/ivanlaraarranz/.m2/repository/io/swagger/core/v3/swagger-annotations/2.2.8/swagger-annotations-2.2.8.jar:/Users/ivanlaraarranz/.m2/repository/io/swagger/core/v3/swagger-models/2.2.8/swagger-models-2.2.8.jar:/Users/ivanlaraarranz/.m2/repository/com/fasterxml/jackson/core/jackson-annotations/2.13.4/jackson-annotations-2.13.4.jar:/Users/ivanlaraarranz/.m2/repository/org/modelmapper/modelmapper/3.1.0/modelmapper-3.1.0.jar:/Users/ivanlaraarranz/.m2/repository/org/junit/jupiter/junit-jupiter-api/5.9.2/junit-jupiter-api-5.9.2.jar:/Users/ivanlaraarranz/.m2/repository/org/opentest4j/opentest4j/1.2.0/opentest4j-1.2.0.jar:/Users/ivanlaraarranz/.m2/repository/org/junit/platform/junit-platform-commons/1.8.2/junit-platform-commons-1.8.2.jar:/Users/ivanlaraarranz/.m2/repository/org/apiguardian/apiguardian-api/1.1.2/apiguardian-api-1.1.2.jar:"/>
    <property name="java.vm.vendor" value="Homebrew"/>
    <property name="sun.arch.data.model" value="64"/>
    <property name="java.vendor.url" value="https://github.com/Homebrew/homebrew-core/issues"/>
    <property name="os.name" value="Mac OS X"/>
    <property name="java.vm.specification.version" value="17"/>
    <property name="sun.java.launcher" value="SUN_STANDARD"/>
    <property name="user.country" value="ES"/>
    <property name="sun.boot.library.path" value="/usr/local/Cellar/openjdk/17.0.1_1/libexec/openjdk.jdk/Contents/Home/lib"/>
    <property name="sun.java.command" value="/Users/ivanlaraarranz/Desktop/basfCodingChallenge/target/surefire/surefirebooter3219345532818838058.jar /Users/ivanlaraarranz/Desktop/basfCodingChallenge/target/surefire 2023-01-19T19-58-36_927-jvmRun1 surefire11030576174866538632tmp surefire_012404982451765037541tmp"/>
    <property name="http.nonProxyHosts" value="local|*.local|169.254/16|*.169.254/16"/>
    <property name="jdk.debug" value="release"/>
    <property name="surefire.test.class.path" value="/Users/ivanlaraarranz/Desktop/basfCodingChallenge/target/test-classes:/Users/ivanlaraarranz/Desktop/basfCodingChallenge/target/classes:/Users/ivanlaraarranz/.m2/repository/org/springframework/boot/spring-boot-starter-data-mongodb/2.7.7/spring-boot-starter-data-mongodb-2.7.7.jar:/Users/ivanlaraarranz/.m2/repository/org/springframework/boot/spring-boot-starter/2.7.7/spring-boot-starter-2.7.7.jar:/Users/ivanlaraarranz/.m2/repository/org/springframework/boot/spring-boot-starter-logging/2.7.7/spring-boot-starter-logging-2.7.7.jar:/Users/ivanlaraarranz/.m2/repository/ch/qos/logback/logback-classic/1.2.11/logback-classic-1.2.11.jar:/Users/ivanlaraarranz/.m2/repository/ch/qos/logback/logback-core/1.2.11/logback-core-1.2.11.jar:/Users/ivanlaraarranz/.m2/repository/org/apache/logging/log4j/log4j-to-slf4j/2.17.2/log4j-to-slf4j-2.17.2.jar:/Users/ivanlaraarranz/.m2/repository/org/apache/logging/log4j/log4j-api/2.17.2/log4j-api-2.17.2.jar:/Users/ivanlaraarranz/.m2/repository/org/slf4j/jul-to-slf4j/1.7.36/jul-to-slf4j-1.7.36.jar:/Users/ivanlaraarranz/.m2/repository/jakarta/annotation/jakarta.annotation-api/1.3.5/jakarta.annotation-api-1.3.5.jar:/Users/ivanlaraarranz/.m2/repository/org/yaml/snakeyaml/1.30/snakeyaml-1.30.jar:/Users/ivanlaraarranz/.m2/repository/org/mongodb/mongodb-driver-sync/4.6.1/mongodb-driver-sync-4.6.1.jar:/Users/ivanlaraarranz/.m2/repository/org/mongodb/bson/4.6.1/bson-4.6.1.jar:/Users/ivanlaraarranz/.m2/repository/org/mongodb/mongodb-driver-core/4.6.1/mongodb-driver-core-4.6.1.jar:/Users/ivanlaraarranz/.m2/repository/org/mongodb/bson-record-codec/4.6.1/bson-record-codec-4.6.1.jar:/Users/ivanlaraarranz/.m2/repository/org/springframework/data/spring-data-mongodb/3.4.6/spring-data-mongodb-3.4.6.jar:/Users/ivanlaraarranz/.m2/repository/org/springframework/spring-tx/5.3.24/spring-tx-5.3.24.jar:/Users/ivanlaraarranz/.m2/repository/org/springframework/spring-context/5.3.24/spring-context-5.3.24.jar:/Users/ivanlaraarranz/.m2/repository/org/springframework/spring-beans/5.3.24/spring-beans-5.3.24.jar:/Users/ivanlaraarranz/.m2/repository/org/springframework/spring-expression/5.3.24/spring-expression-5.3.24.jar:/Users/ivanlaraarranz/.m2/repository/org/springframework/data/spring-data-commons/2.7.6/spring-data-commons-2.7.6.jar:/Users/ivanlaraarranz/.m2/repository/org/springframework/boot/spring-boot-starter-web/2.7.7/spring-boot-starter-web-2.7.7.jar:/Users/ivanlaraarranz/.m2/repository/org/springframework/boot/spring-boot-starter-json/2.7.7/spring-boot-starter-json-2.7.7.jar:/Users/ivanlaraarranz/.m2/repository/com/fasterxml/jackson/core/jackson-databind/2.13.4.2/jackson-databind-2.13.4.2.jar:/Users/ivanlaraarranz/.m2/repository/com/fasterxml/jackson/datatype/jackson-datatype-jdk8/2.13.4/jackson-datatype-jdk8-2.13.4.jar:/Users/ivanlaraarranz/.m2/repository/com/fasterxml/jackson/datatype/jackson-datatype-jsr310/2.13.4/jackson-datatype-jsr310-2.13.4.jar:/Users/ivanlaraarranz/.m2/repository/com/fasterxml/jackson/module/jackson-module-parameter-names/2.13.4/jackson-module-parameter-names-2.13.4.jar:/Users/ivanlaraarranz/.m2/repository/org/springframework/boot/spring-boot-starter-tomcat/2.7.7/spring-boot-starter-tomcat-2.7.7.jar:/Users/ivanlaraarranz/.m2/repository/org/apache/tomcat/embed/tomcat-embed-core/9.0.70/tomcat-embed-core-9.0.70.jar:/Users/ivanlaraarranz/.m2/repository/org/apache/tomcat/embed/tomcat-embed-el/9.0.70/tomcat-embed-el-9.0.70.jar:/Users/ivanlaraarranz/.m2/repository/org/apache/tomcat/embed/tomcat-embed-websocket/9.0.70/tomcat-embed-websocket-9.0.70.jar:/Users/ivanlaraarranz/.m2/repository/org/springframework/spring-web/5.3.24/spring-web-5.3.24.jar:/Users/ivanlaraarranz/.m2/repository/org/springframework/spring-webmvc/5.3.24/spring-webmvc-5.3.24.jar:/Users/ivanlaraarranz/.m2/repository/org/springframework/spring-aop/5.3.24/spring-aop-5.3.24.jar:/Users/ivanlaraarranz/.m2/repository/org/springframework/boot/spring-boot-starter-test/2.7.7/spring-boot-starter-test-2.7.7.jar:/Users/ivanlaraarranz/.m2/repository/org/springframework/boot/spring-boot-test/2.7.7/spring-boot-test-2.7.7.jar:/Users/ivanlaraarranz/.m2/repository/org/springframework/boot/spring-boot-test-autoconfigure/2.7.7/spring-boot-test-autoconfigure-2.7.7.jar:/Users/ivanlaraarranz/.m2/repository/com/jayway/jsonpath/json-path/2.7.0/json-path-2.7.0.jar:/Users/ivanlaraarranz/.m2/repository/net/minidev/json-smart/2.4.8/json-smart-2.4.8.jar:/Users/ivanlaraarranz/.m2/repository/net/minidev/accessors-smart/2.4.8/accessors-smart-2.4.8.jar:/Users/ivanlaraarranz/.m2/repository/org/ow2/asm/asm/9.1/asm-9.1.jar:/Users/ivanlaraarranz/.m2/repository/jakarta/xml/bind/jakarta.xml.bind-api/2.3.3/jakarta.xml.bind-api-2.3.3.jar:/Users/ivanlaraarranz/.m2/repository/jakarta/activation/jakarta.activation-api/1.2.2/jakarta.activation-api-1.2.2.jar:/Users/ivanlaraarranz/.m2/repository/org/assertj/assertj-core/3.22.0/assertj-core-3.22.0.jar:/Users/ivanlaraarranz/.m2/repository/org/hamcrest/hamcrest/2.2/hamcrest-2.2.jar:/Users/ivanlaraarranz/.m2/repository/org/junit/jupiter/junit-jupiter/5.8.2/junit-jupiter-5.8.2.jar:/Users/ivanlaraarranz/.m2/repository/org/junit/jupiter/junit-jupiter-params/5.8.2/junit-jupiter-params-5.8.2.jar:/Users/ivanlaraarranz/.m2/repository/org/junit/jupiter/junit-jupiter-engine/5.8.2/junit-jupiter-engine-5.8.2.jar:/Users/ivanlaraarranz/.m2/repository/org/junit/platform/junit-platform-engine/1.8.2/junit-platform-engine-1.8.2.jar:/Users/ivanlaraarranz/.m2/repository/org/mockito/mockito-core/4.5.1/mockito-core-4.5.1.jar:/Users/ivanlaraarranz/.m2/repository/net/bytebuddy/byte-buddy/1.12.20/byte-buddy-1.12.20.jar:/Users/ivanlaraarranz/.m2/repository/net/bytebuddy/byte-buddy-agent/1.12.20/byte-buddy-agent-1.12.20.jar:/Users/ivanlaraarranz/.m2/repository/org/objenesis/objenesis/3.2/objenesis-3.2.jar:/Users/ivanlaraarranz/.m2/repository/org/mockito/mockito-junit-jupiter/4.5.1/mockito-junit-jupiter-4.5.1.jar:/Users/ivanlaraarranz/.m2/repository/org/skyscreamer/jsonassert/1.5.1/jsonassert-1.5.1.jar:/Users/ivanlaraarranz/.m2/repository/com/vaadin/external/google/android-json/0.0.20131108.vaadin1/android-json-0.0.20131108.vaadin1.jar:/Users/ivanlaraarranz/.m2/repository/org/springframework/spring-core/5.3.24/spring-core-5.3.24.jar:/Users/ivanlaraarranz/.m2/repository/org/springframework/spring-jcl/5.3.24/spring-jcl-5.3.24.jar:/Users/ivanlaraarranz/.m2/repository/org/springframework/spring-test/5.3.24/spring-test-5.3.24.jar:/Users/ivanlaraarranz/.m2/repository/org/xmlunit/xmlunit-core/2.9.0/xmlunit-core-2.9.0.jar:/Users/ivanlaraarranz/.m2/repository/org/springdoc/springdoc-openapi-ui/1.6.14/springdoc-openapi-ui-1.6.14.jar:/Users/ivanlaraarranz/.m2/repository/org/springdoc/springdoc-openapi-webmvc-core/1.6.14/springdoc-openapi-webmvc-core-1.6.14.jar:/Users/ivanlaraarranz/.m2/repository/org/springdoc/springdoc-openapi-common/1.6.14/springdoc-openapi-common-1.6.14.jar:/Users/ivanlaraarranz/.m2/repository/io/swagger/core/v3/swagger-core/2.2.7/swagger-core-2.2.7.jar:/Users/ivanlaraarranz/.m2/repository/org/apache/commons/commons-lang3/3.12.0/commons-lang3-3.12.0.jar:/Users/ivanlaraarranz/.m2/repository/com/fasterxml/jackson/dataformat/jackson-dataformat-yaml/2.13.4/jackson-dataformat-yaml-2.13.4.jar:/Users/ivanlaraarranz/.m2/repository/jakarta/validation/jakarta.validation-api/2.0.2/jakarta.validation-api-2.0.2.jar:/Users/ivanlaraarranz/.m2/repository/org/webjars/swagger-ui/4.15.5/swagger-ui-4.15.5.jar:/Users/ivanlaraarranz/.m2/repository/org/webjars/webjars-locator-core/0.50/webjars-locator-core-0.50.jar:/Users/ivanlaraarranz/.m2/repository/com/fasterxml/jackson/core/jackson-core/2.13.4/jackson-core-2.13.4.jar:/Users/ivanlaraarranz/.m2/repository/io/github/classgraph/classgraph/4.8.149/classgraph-4.8.149.jar:/Users/ivanlaraarranz/.m2/repository/org/springframework/boot/spring-boot-devtools/2.7.7/spring-boot-devtools-2.7.7.jar:/Users/ivanlaraarranz/.m2/repository/org/springframework/boot/spring-boot/2.7.7/spring-boot-2.7.7.jar:/Users/ivanlaraarranz/.m2/repository/org/springframework/boot/spring-boot-autoconfigure/2.7.7/spring-boot-autoconfigure-2.7.7.jar:/Users/ivanlaraarranz/.m2/repository/org/projectlombok/lombok/1.18.24/lombok-1.18.24.jar:/Users/ivanlaraarranz/.m2/repository/io/springfox/springfox-swagger2/3.0.0/springfox-swagger2-3.0.0.jar:/Users/ivanlaraarranz/.m2/repository/io/springfox/springfox-spi/3.0.0/springfox-spi-3.0.0.jar:/Users/ivanlaraarranz/.m2/repository/io/springfox/springfox-core/3.0.0/springfox-core-3.0.0.jar:/Users/ivanlaraarranz/.m2/repository/io/springfox/springfox-schema/3.0.0/springfox-schema-3.0.0.jar:/Users/ivanlaraarranz/.m2/repository/io/springfox/springfox-swagger-common/3.0.0/springfox-swagger-common-3.0.0.jar:/Users/ivanlaraarranz/.m2/repository/io/springfox/springfox-spring-web/3.0.0/springfox-spring-web-3.0.0.jar:/Users/ivanlaraarranz/.m2/repository/io/springfox/springfox-spring-webmvc/3.0.0/springfox-spring-webmvc-3.0.0.jar:/Users/ivanlaraarranz/.m2/repository/io/springfox/springfox-spring-webflux/3.0.0/springfox-spring-webflux-3.0.0.jar:/Users/ivanlaraarranz/.m2/repository/com/fasterxml/classmate/1.5.1/classmate-1.5.1.jar:/Users/ivanlaraarranz/.m2/repository/org/slf4j/slf4j-api/1.7.36/slf4j-api-1.7.36.jar:/Users/ivanlaraarranz/.m2/repository/org/springframework/plugin/spring-plugin-core/2.0.0.RELEASE/spring-plugin-core-2.0.0.RELEASE.jar:/Users/ivanlaraarranz/.m2/repository/org/springframework/plugin/spring-plugin-metadata/2.0.0.RELEASE/spring-plugin-metadata-2.0.0.RELEASE.jar:/Users/ivanlaraarranz/.m2/repository/org/mapstruct/mapstruct/1.3.1.Final/mapstruct-1.3.1.Final.jar:/Users/ivanlaraarranz/.m2/repository/io/springfox/springfox-swagger-ui/3.0.0/springfox-swagger-ui-3.0.0.jar:/Users/ivanlaraarranz/.m2/repository/io/swagger/core/v3/swagger-annotations/2.2.8/swagger-annotations-2.2.8.jar:/Users/ivanlaraarranz/.m2/repository/io/swagger/core/v3/swagger-models/2.2.8/swagger-models-2.2.8.jar:/Users/ivanlaraarranz/.m2/repository/com/fasterxml/jackson/core/jackson-annotations/2.13.4/jackson-annotations-2.13.4.jar:/Users/ivanlaraarranz/.m2/repository/org/modelmapper/modelmapper/3.1.0/modelmapper-3.1.0.jar:/Users/ivanlaraarranz/.m2/repository/org/junit/jupiter/junit-jupiter-api/5.9.2/junit-jupiter-api-5.9.2.jar:/Users/ivanlaraarranz/.m2/repository/org/opentest4j/opentest4j/1.2.0/opentest4j-1.2.0.jar:/Users/ivanlaraarranz/.m2/repository/org/junit/platform/junit-platform-commons/1.8.2/junit-platform-commons-1.8.2.jar:/Users/ivanlaraarranz/.m2/repository/org/apiguardian/apiguardian-api/1.1.2/apiguardian-api-1.1.2.jar:"/>
    <property name="sun.cpu.endian" value="little"/>
    <property name="user.home" value="/Users/ivanlaraarranz"/>
    <property name="user.language" value="en"/>
    <property name="java.specification.vendor" value="Oracle Corporation"/>
    <property name="java.version.date" value="2021-10-19"/>
    <property name="java.home" value="/usr/local/Cellar/openjdk/17.0.1_1/libexec/openjdk.jdk/Contents/Home"/>
    <property name="file.separator" value="/"/>
    <property name="basedir" value="/Users/ivanlaraarranz/Desktop/basfCodingChallenge"/>
    <property name="java.vm.compressedOopsMode" value="Zero based"/>
    <property name="line.separator" value="&#10;"/>
    <property name="java.specification.name" value="Java Platform API Specification"/>
    <property name="java.vm.specification.vendor" value="Oracle Corporation"/>
    <property name="surefire.real.class.path" value="/Users/ivanlaraarranz/Desktop/basfCodingChallenge/target/surefire/surefirebooter3219345532818838058.jar"/>
    <property name="sun.management.compiler" value="HotSpot 64-Bit Tiered Compilers"/>
    <property name="ftp.nonProxyHosts" value="local|*.local|169.254/16|*.169.254/16"/>
    <property name="java.runtime.version" value="17.0.1+1"/>
    <property name="user.name" value="ivanlaraarranz"/>
    <property name="path.separator" value=":"/>
    <property name="os.version" value="13.0.1"/>
    <property name="java.runtime.name" value="OpenJDK Runtime Environment"/>
    <property name="file.encoding" value="UTF-8"/>
    <property name="java.vm.name" value="OpenJDK 64-Bit Server VM"/>
    <property name="java.vendor.version" value="Homebrew"/>
    <property name="localRepository" value="/Users/ivanlaraarranz/.m2/repository"/>
    <property name="java.vendor.url.bug" value="https://github.com/Homebrew/homebrew-core/issues"/>
    <property name="java.io.tmpdir" value="/var/folders/5v/0vfl0m4n6c19_1npvqz3sz0m0000gn/T/"/>
    <property name="java.version" value="17.0.1"/>
    <property name="user.dir" value="/Users/ivanlaraarranz/Desktop/basfCodingChallenge"/>
    <property name="os.arch" value="x86_64"/>
    <property name="java.vm.specification.name" value="Java Virtual Machine Specification"/>
    <property name="native.encoding" value="UTF-8"/>
    <property name="java.library.path" value="/Users/ivanlaraarranz/Library/Java/Extensions:/Library/Java/Extensions:/Network/Library/Java/Extensions:/System/Library/Java/Extensions:/usr/lib/java:."/>
    <property name="java.vm.info" value="mixed mode, sharing"/>
    <property name="java.vendor" value="Homebrew"/>
    <property name="java.vm.version" value="17.0.1+1"/>
    <property name="sun.io.unicode.encoding" value="UnicodeBig"/>
    <property name="socksNonProxyHosts" value="local|*.local|169.254/16|*.169.254/16"/>
    <property name="java.class.version" value="61.0"/>
  </properties>
  <testcase name="givenADateAndAFormat_thenReturnDateInParamFormat" classname="com.basf.codingtest.chemicals.utils.DateUtilsTest" time="0"/>
</testsuite>